mode: set
github.com/chendefine/ginx/binding.go:24.52,25.14 1 1
github.com/chendefine/ginx/binding.go:25.14,27.3 1 1
github.com/chendefine/ginx/binding.go:28.2,28.34 1 1
github.com/chendefine/ginx/binding.go:28.34,30.3 1 1
github.com/chendefine/ginx/binding.go:31.2,31.32 1 1
github.com/chendefine/ginx/binding.go:31.32,33.3 1 1
github.com/chendefine/ginx/binding.go:34.2,34.41 1 1
github.com/chendefine/ginx/binding.go:34.41,36.3 1 1
github.com/chendefine/ginx/binding.go:37.2,39.23 3 1
github.com/chendefine/ginx/binding.go:39.23,41.3 1 1
github.com/chendefine/ginx/binding.go:42.2,43.13 2 1
github.com/chendefine/ginx/binding.go:46.82,47.34 1 1
github.com/chendefine/ginx/binding.go:47.34,49.3 1 0
github.com/chendefine/ginx/binding.go:50.2,50.32 1 1
github.com/chendefine/ginx/binding.go:50.32,52.3 1 0
github.com/chendefine/ginx/binding.go:53.2,53.26 1 1
github.com/chendefine/ginx/binding.go:53.26,55.3 1 1
github.com/chendefine/ginx/binding.go:56.2,58.36 2 1
github.com/chendefine/ginx/binding.go:58.36,60.22 2 1
github.com/chendefine/ginx/binding.go:60.22,61.12 1 1
github.com/chendefine/ginx/binding.go:63.3,63.42 1 1
github.com/chendefine/ginx/binding.go:63.42,65.4 1 1
github.com/chendefine/ginx/binding.go:66.3,66.39 1 1
github.com/chendefine/ginx/binding.go:66.39,68.4 1 1
github.com/chendefine/ginx/binding.go:69.3,69.40 1 1
github.com/chendefine/ginx/binding.go:69.40,71.4 1 1
github.com/chendefine/ginx/binding.go:72.3,72.40 1 1
github.com/chendefine/ginx/binding.go:72.40,74.46 2 1
github.com/chendefine/ginx/binding.go:74.46,76.5 1 1
github.com/chendefine/ginx/binding.go:77.4,77.33 1 1
github.com/chendefine/ginx/binding.go:77.33,79.5 1 1
github.com/chendefine/ginx/binding.go:81.3,81.43 1 1
github.com/chendefine/ginx/binding.go:81.43,83.4 1 1
github.com/chendefine/ginx/binding.go:86.3,87.36 2 1
github.com/chendefine/ginx/binding.go:87.36,89.4 1 1
github.com/chendefine/ginx/binding.go:90.3,90.34 1 1
github.com/chendefine/ginx/binding.go:90.34,92.4 1 1
github.com/chendefine/ginx/context.go:17.18,17.39 1 1
github.com/chendefine/ginx/context.go:20.47,24.2 3 1
github.com/chendefine/ginx/context.go:26.35,29.2 2 1
github.com/chendefine/ginx/context.go:32.43,34.2 1 1
github.com/chendefine/ginx/context.go:37.45,37.60 1 1
github.com/chendefine/ginx/context.go:40.48,40.92 1 1
github.com/chendefine/ginx/context.go:43.42,43.82 1 1
github.com/chendefine/ginx/context.go:46.31,46.70 1 1
github.com/chendefine/ginx/context.go:49.38,49.82 1 1
github.com/chendefine/ginx/context.go:52.47,52.71 1 1
github.com/chendefine/ginx/context.go:55.43,55.71 1 1
github.com/chendefine/ginx/context.go:58.46,58.70 1 1
github.com/chendefine/ginx/context.go:61.48,61.78 1 1
github.com/chendefine/ginx/context.go:64.48,64.75 1 1
github.com/chendefine/ginx/context.go:67.48,67.88 1 1
github.com/chendefine/ginx/context.go:70.37,70.63 1 1
github.com/chendefine/ginx/context.go:73.43,73.66 1 1
github.com/chendefine/ginx/context.go:76.55,76.83 1 1
github.com/chendefine/ginx/context.go:79.105,81.2 1 1
github.com/chendefine/ginx/context.go:84.58,86.13 2 1
github.com/chendefine/ginx/context.go:86.13,89.3 2 1
github.com/chendefine/ginx/context.go:90.2,91.9 2 1
github.com/chendefine/ginx/context.go:91.9,94.3 2 1
github.com/chendefine/ginx/context.go:95.2,95.16 1 1
github.com/chendefine/ginx/engine.go:62.40,70.27 2 1
github.com/chendefine/ginx/engine.go:70.27,72.3 1 1
github.com/chendefine/ginx/engine.go:73.2,73.10 1 1
github.com/chendefine/ginx/engine.go:77.40,78.25 1 1
github.com/chendefine/ginx/engine.go:78.25,78.43 1 1
github.com/chendefine/ginx/engine.go:82.48,83.25 1 1
github.com/chendefine/ginx/engine.go:83.25,83.52 1 1
github.com/chendefine/ginx/engine.go:87.51,88.25 1 1
github.com/chendefine/ginx/engine.go:88.25,88.55 1 1
github.com/chendefine/ginx/engine.go:92.52,93.25 1 1
github.com/chendefine/ginx/engine.go:93.25,93.47 1 1
github.com/chendefine/ginx/engine.go:97.72,98.25 1 1
github.com/chendefine/ginx/engine.go:98.25,98.52 1 1
github.com/chendefine/ginx/engine.go:102.56,103.25 1 1
github.com/chendefine/ginx/engine.go:103.25,103.49 1 1
github.com/chendefine/ginx/engine.go:107.52,108.25 1 1
github.com/chendefine/ginx/engine.go:108.25,108.47 1 1
github.com/chendefine/ginx/engine.go:112.50,113.25 1 1
github.com/chendefine/ginx/engine.go:113.25,113.71 1 1
github.com/chendefine/ginx/engine.go:117.50,118.25 1 1
github.com/chendefine/ginx/engine.go:118.25,118.67 1 1
github.com/chendefine/ginx/engine.go:122.52,123.23 1 1
github.com/chendefine/ginx/engine.go:123.23,123.61 1 1
github.com/chendefine/ginx/engine.go:133.46,135.2 1 1
github.com/chendefine/ginx/engine.go:138.91,140.2 1 1
github.com/chendefine/ginx/engine.go:146.24,146.48 1 1
github.com/chendefine/ginx/engine.go:149.38,150.27 1 1
github.com/chendefine/ginx/engine.go:150.27,152.3 1 1
github.com/chendefine/ginx/engine.go:156.26,156.56 1 1
github.com/chendefine/ginx/engine.go:159.36,159.72 1 1
github.com/chendefine/ginx/engine.go:162.40,162.79 1 1
github.com/chendefine/ginx/engine.go:165.38,165.80 1 1
github.com/chendefine/ginx/engine.go:179.29,180.30 1 1
github.com/chendefine/ginx/engine.go:180.30,180.60 2 1
github.com/chendefine/ginx/engine.go:184.31,185.30 1 1
github.com/chendefine/ginx/engine.go:185.30,185.61 2 1
github.com/chendefine/ginx/engine.go:189.29,190.30 1 1
github.com/chendefine/ginx/engine.go:190.30,190.51 1 1
github.com/chendefine/ginx/engine.go:194.50,195.30 1 1
github.com/chendefine/ginx/engine.go:195.30,195.76 1 1
github.com/chendefine/ginx/engine.go:198.60,200.27 2 1
github.com/chendefine/ginx/engine.go:200.27,202.3 1 1
github.com/chendefine/ginx/engine.go:203.2,213.24 2 1
github.com/chendefine/ginx/engine.go:213.24,215.3 1 1
github.com/chendefine/ginx/engine.go:217.2,217.60 1 1
github.com/chendefine/ginx/engine.go:217.60,221.3 3 1
github.com/chendefine/ginx/engine.go:222.2,222.10 1 1
github.com/chendefine/ginx/engine.go:239.53,240.31 1 1
github.com/chendefine/ginx/engine.go:240.31,242.3 1 1
github.com/chendefine/ginx/engine.go:243.2,243.25 1 1
github.com/chendefine/ginx/error.go:17.43,19.2 1 1
github.com/chendefine/ginx/error.go:22.49,24.38 2 1
github.com/chendefine/ginx/error.go:24.38,26.3 1 1
github.com/chendefine/ginx/error.go:27.2,27.12 1 1
github.com/chendefine/ginx/error.go:32.48,36.2 3 1
github.com/chendefine/ginx/error.go:40.48,40.76 1 1
github.com/chendefine/ginx/error.go:43.33,43.49 1 1
github.com/chendefine/ginx/error.go:46.41,48.9 2 1
github.com/chendefine/ginx/error.go:48.9,50.3 1 1
github.com/chendefine/ginx/error.go:51.2,51.25 1 1
github.com/chendefine/ginx/ginx.go:22.97,24.2 1 1
github.com/chendefine/ginx/ginx.go:36.63,38.2 1 1
github.com/chendefine/ginx/ginx.go:40.64,42.2 1 1
github.com/chendefine/ginx/ginx.go:47.99,49.2 1 1
github.com/chendefine/ginx/ginx.go:52.100,54.2 1 1
github.com/chendefine/ginx/ginx.go:57.99,59.2 1 1
github.com/chendefine/ginx/ginx.go:62.101,64.2 1 1
github.com/chendefine/ginx/ginx.go:67.102,69.2 1 1
github.com/chendefine/ginx/ginx.go:72.100,74.2 1 1
github.com/chendefine/ginx/ginx.go:77.103,79.2 1 1
github.com/chendefine/ginx/ginx.go:82.99,86.4 1 1
github.com/chendefine/ginx/ginx.go:86.4,88.3 1 1
github.com/chendefine/ginx/ginx.go:92.120,93.28 1 1
github.com/chendefine/ginx/ginx.go:93.28,95.3 1 1
github.com/chendefine/ginx/ginx.go:100.112,112.32 8 1
github.com/chendefine/ginx/ginx.go:112.32,119.39 2 1
github.com/chendefine/ginx/ginx.go:119.39,121.4 1 1
github.com/chendefine/ginx/ginx.go:125.107,126.31 1 1
github.com/chendefine/ginx/ginx.go:126.31,129.20 2 1
github.com/chendefine/ginx/ginx.go:129.20,130.24 1 1
github.com/chendefine/ginx/ginx.go:130.24,132.5 1 1
github.com/chendefine/ginx/ginx.go:133.4,133.54 1 1
github.com/chendefine/ginx/ginx.go:133.54,136.5 2 1
github.com/chendefine/ginx/ginx.go:137.4,137.65 1 1
github.com/chendefine/ginx/ginx.go:137.65,140.5 2 1
github.com/chendefine/ginx/ginx.go:143.3,148.21 4 1
github.com/chendefine/ginx/ginx.go:148.21,150.4 1 1
github.com/chendefine/ginx/ginx.go:151.3,151.17 1 1
github.com/chendefine/ginx/ginx.go:151.17,152.42 1 1
github.com/chendefine/ginx/ginx.go:152.42,154.5 1 1
github.com/chendefine/ginx/ginx.go:155.4,156.10 2 1
github.com/chendefine/ginx/ginx.go:158.3,158.30 1 1
github.com/chendefine/ginx/ginx.go:164.79,165.20 1 1
github.com/chendefine/ginx/ginx.go:165.20,166.77 1 1
github.com/chendefine/ginx/ginx.go:166.77,168.4 1 1
github.com/chendefine/ginx/ginx.go:170.2,170.17 1 1
github.com/chendefine/ginx/ginx.go:170.17,171.74 1 1
github.com/chendefine/ginx/ginx.go:171.74,173.4 1 1
github.com/chendefine/ginx/ginx.go:175.2,175.18 1 1
github.com/chendefine/ginx/ginx.go:175.18,176.76 1 1
github.com/chendefine/ginx/ginx.go:176.76,178.4 1 1
github.com/chendefine/ginx/ginx.go:180.2,181.9 2 1
github.com/chendefine/ginx/ginx.go:182.45,183.75 1 1
github.com/chendefine/ginx/ginx.go:183.75,185.4 1 1
github.com/chendefine/ginx/ginx.go:186.78,187.93 1 1
github.com/chendefine/ginx/ginx.go:187.93,189.4 1 1
github.com/chendefine/ginx/ginx.go:190.64,191.98 1 1
github.com/chendefine/ginx/ginx.go:191.98,193.4 1 1
github.com/chendefine/ginx/ginx.go:195.2,195.12 1 1
github.com/chendefine/ginx/ginx.go:199.44,200.18 1 1
github.com/chendefine/ginx/ginx.go:200.18,202.3 1 1
github.com/chendefine/ginx/ginx.go:203.2,203.36 1 1
github.com/chendefine/ginx/ginx.go:203.36,205.3 1 1
github.com/chendefine/ginx/ginx.go:206.2,207.60 2 1
github.com/chendefine/ginx/ginx.go:210.42,211.45 1 1
github.com/chendefine/ginx/ginx.go:211.45,213.3 1 1
github.com/chendefine/ginx/ginx.go:214.2,214.53 1 1
github.com/chendefine/ginx/ginx.go:214.53,216.3 1 1
github.com/chendefine/ginx/ginx.go:217.2,218.41 2 1
github.com/chendefine/ginx/ginx.go:221.40,224.2 2 1
github.com/chendefine/ginx/ginx.go:226.48,228.42 2 1
github.com/chendefine/ginx/ginx.go:228.42,230.3 1 1
github.com/chendefine/ginx/ginx.go:231.2,232.24 2 1
github.com/chendefine/ginx/ginx.go:232.24,234.19 2 1
github.com/chendefine/ginx/ginx.go:235.19,236.45 1 1
github.com/chendefine/ginx/ginx.go:237.13,238.66 1 1
github.com/chendefine/ginx/ginx.go:239.13,240.63 1 1
github.com/chendefine/ginx/ginx.go:241.16,242.60 1 1
github.com/chendefine/ginx/ginx.go:243.16,244.55 1 1
github.com/chendefine/ginx/ginx.go:245.11,246.44 1 1
github.com/chendefine/ginx/ginx.go:249.2,249.33 1 1
github.com/chendefine/ginx/ginx.go:253.126,254.28 1 1
github.com/chendefine/ginx/ginx.go:254.28,256.3 1 1
github.com/chendefine/ginx/ginx.go:257.2,257.30 1 1
github.com/chendefine/ginx/ginx.go:257.30,257.53 1 1
github.com/chendefine/ginx/ginx.go:258.2,258.46 1 1
github.com/chendefine/ginx/ginx.go:258.46,261.30 3 1
github.com/chendefine/ginx/ginx.go:261.30,261.59 1 1
github.com/chendefine/ginx/ginx.go:263.2,264.16 2 1
github.com/chendefine/ginx/ginx.go:264.16,266.3 1 1
github.com/chendefine/ginx/ginx.go:267.2,267.19 1 1
github.com/chendefine/ginx/ginx.go:267.19,269.3 1 1
github.com/chendefine/ginx/ginx.go:270.2,271.9 2 1
github.com/chendefine/ginx/ginx.go:271.9,273.3 1 1
github.com/chendefine/ginx/ginx.go:274.2,274.17 1 1
github.com/chendefine/ginx/ginx.go:277.66,279.18 2 1
github.com/chendefine/ginx/ginx.go:279.18,281.3 1 1
github.com/chendefine/ginx/ginx.go:282.2,282.60 1 1
github.com/chendefine/ginx/ginx.go:282.60,285.56 3 1
github.com/chendefine/ginx/ginx.go:285.56,286.20 1 1
github.com/chendefine/ginx/ginx.go:286.20,288.5 1 1
github.com/chendefine/ginx/ginx.go:289.4,291.10 3 1
github.com/chendefine/ginx/ginx.go:294.2,295.28 2 1
github.com/chendefine/ginx/ginx.go:295.28,297.3 1 1
github.com/chendefine/ginx/ginx.go:298.2,299.12 2 1
github.com/chendefine/ginx/ginx.go:302.56,305.18 3 1
github.com/chendefine/ginx/ginx.go:305.18,307.3 1 1
github.com/chendefine/ginx/ginx.go:309.2,310.25 2 1
github.com/chendefine/ginx/ginx.go:310.25,311.62 1 1
github.com/chendefine/ginx/ginx.go:311.62,313.4 1 1
github.com/chendefine/ginx/ginx.go:314.3,316.9 3 1
github.com/chendefine/ginx/ginx.go:319.2,319.29 1 1
github.com/chendefine/ginx/ginx.go:319.29,320.51 1 1
github.com/chendefine/ginx/ginx.go:320.51,321.20 1 1
github.com/chendefine/ginx/ginx.go:321.20,323.5 1 1
github.com/chendefine/ginx/ginx.go:324.4,326.10 3 1
github.com/chendefine/ginx/ginx.go:330.2,331.12 2 1
github.com/chendefine/ginx/ginx.go:334.56,336.16 2 1
github.com/chendefine/ginx/ginx.go:336.16,337.34 1 1
github.com/chendefine/ginx/ginx.go:337.34,338.40 1 1
github.com/chendefine/ginx/ginx.go:338.40,340.5 1 1
github.com/chendefine/ginx/ginx.go:341.4,341.10 1 1
github.com/chendefine/ginx/ginx.go:344.2,344.18 1 1
github.com/chendefine/ginx/ginx.go:344.18,346.18 2 1
github.com/chendefine/ginx/ginx.go:346.18,348.4 1 1
github.com/chendefine/ginx/ginx.go:349.3,350.9 2 1
github.com/chendefine/ginx/ginx.go:352.2,352.42 1 1
github.com/chendefine/ginx/response.go:24.55,26.2 1 1
github.com/chendefine/ginx/response.go:29.49,32.2 2 1
github.com/chendefine/ginx/response.go:43.63,45.2 1 1
github.com/chendefine/ginx/response.go:48.53,51.2 2 1
github.com/chendefine/ginx/response.go:62.70,64.19 2 1
github.com/chendefine/ginx/response.go:64.19,66.3 1 1
github.com/chendefine/ginx/response.go:67.2,67.43 1 1
github.com/chendefine/ginx/response.go:71.51,74.2 2 1
github.com/chendefine/ginx/response.go:86.71,88.2 1 1
github.com/chendefine/ginx/response.go:91.49,94.2 2 1
github.com/chendefine/ginx/sse.go:25.88,26.84 1 1
github.com/chendefine/ginx/sse.go:26.84,31.46 5 1
github.com/chendefine/ginx/sse.go:31.46,33.4 1 1
github.com/chendefine/ginx/sse.go:34.3,34.33 1 1
github.com/chendefine/ginx/sse.go:38.42,39.31 1 1
github.com/chendefine/ginx/sse.go:39.31,45.18 1 1
github.com/chendefine/ginx/sse.go:45.18,47.4 1 1
github.com/chendefine/ginx/sse.go:48.3,48.49 1 1
github.com/chendefine/ginx/sse.go:48.49,50.4 1 1
github.com/chendefine/ginx/sse.go:51.3,51.13 1 1
github.com/chendefine/ginx/demo/main.go:35.69,38.2 2 0
github.com/chendefine/ginx/demo/main.go:40.81,42.2 1 0
github.com/chendefine/ginx/demo/main.go:44.78,46.2 1 0
github.com/chendefine/ginx/demo/main.go:48.72,50.2 1 0
github.com/chendefine/ginx/demo/main.go:52.71,54.2 1 0
github.com/chendefine/ginx/demo/main.go:56.13,60.72 2 0
github.com/chendefine/ginx/demo/main.go:60.72,62.4 1 0
github.com/chendefine/ginx/demo/main.go:63.68,66.4 2 0
github.com/chendefine/ginx/demo/main.go:67.71,69.4 1 0
github.com/chendefine/ginx/demo/main.go:72.2,79.88 8 0
github.com/chendefine/ginx/demo/main.go:79.88,81.3 1 0
github.com/chendefine/ginx/demo/main.go:83.2,83.16 1 0
